#
# There is insufficient memory for the Java Runtime Environment to continue.
# Native memory allocation (mmap) failed to map 257949696 bytes for G1 virtual space
# Possible reasons:
#   The system is out of physical RAM or swap space
#   The process is running with CompressedOops enabled, and the Java Heap may be blocking the growth of the native heap
# Possible solutions:
#   Reduce memory load on the system
#   Increase physical memory or swap space
#   Check if swap backing store is full
#   Decrease Java heap size (-Xmx/-Xms)
#   Decrease number of Java threads
#   Decrease Java thread stack sizes (-Xss)
#   Set larger code cache with -XX:ReservedCodeCacheSize=
#   JVM is running with Zero Based Compressed Oops mode in which the Java heap is
#     placed in the first 32GB address space. The Java Heap base address is the
#     maximum limit for the native heap growth. Please use -XX:HeapBaseMinAddress
#     to set the Java Heap base and to place the Java Heap above 32GB virtual address.
# This output file may be truncated or incomplete.
#
#  Out of Memory Error (os_windows.cpp:3825), pid=2868, tid=22404
#
# JRE version:  (17.0.9+7) (build )
# Java VM: OpenJDK 64-Bit Server VM (17.0.9+7-b1000.46, mixed mode, sharing, tiered, compressed oops, compressed class ptrs, g1 gc, windows-amd64)
# No core dump will be written. Minidumps are not enabled by default on client versions of Windows
#

---------------  S U M M A R Y ------------

Command Line: git4idea.http.GitAskPassApp Username for 'https://github.com': 

Host: AMD Ryzen 7 5700U with Radeon Graphics         , 16 cores, 15G,  Windows 11 , 64 bit Build 22621 (10.0.22621.3527)
Time: Mon May  6 13:06:05 2024  Windows 11 , 64 bit Build 22621 (10.0.22621.3527) elapsed time: 0.016865 seconds (0d 0h 0m 0s)

---------------  T H R E A D  ---------------

Current thread (0x00000153374b0210):  JavaThread "Unknown thread" [_thread_in_vm, id=22404, stack(0x00000003a8200000,0x00000003a8300000)]

Stack: [0x00000003a8200000,0x00000003a8300000]
Native frames: (J=compiled Java code, j=interpreted, Vv=VM code, C=native code)
V  [jvm.dll+0x6886e9]
V  [jvm.dll+0x841e4a]
V  [jvm.dll+0x843a8e]
V  [jvm.dll+0x8440f3]
V  [jvm.dll+0x24c14f]
V  [jvm.dll+0x685499]
V  [jvm.dll+0x679c2a]
V  [jvm.dll+0x30cf9b]
V  [jvm.dll+0x314446]
V  [jvm.dll+0x36425e]
V  [jvm.dll+0x36448f]
V  [jvm.dll+0x2e2d68]
V  [jvm.dll+0x2e3cd4]
V  [jvm.dll+0x8129f1]
V  [jvm.dll+0x3720c1]
V  [jvm.dll+0x7f152c]
V  [jvm.dll+0x3f5d4f]
V  [jvm.dll+0x3f7981]
C  [jli.dll+0x528f]
C  [ucrtbase.dll+0x29333]
C  [KERNEL32.DLL+0x1257d]
C  [ntdll.dll+0x5aa48]


---------------  P R O C E S S  ---------------

Threads class SMR info:
_java_thread_list=0x00007ffe5a8eef18, length=0, elements={
}

Java Threads: ( => current thread )

Other Threads:
  0x000001533751ab00 GCTaskThread "GC Thread#0" [stack: 0x00000003a8300000,0x00000003a8400000] [id=4104]
  0x000001533752afd0 ConcurrentGCThread "G1 Main Marker" [stack: 0x00000003a8400000,0x00000003a8500000] [id=5372]
  0x000001533752b9f0 ConcurrentGCThread "G1 Conc#0" [stack: 0x00000003a8500000,0x00000003a8600000] [id=13640]

[error occurred during error reporting (printing all threads), id 0xc0000005, EXCEPTION_ACCESS_VIOLATION (0xc0000005) at pc=0x00007ffe5a0a3937]

VM state: not at safepoint (not fully initialized)

VM Mutex/Monitor currently owned by a thread:  ([mutex/lock_event])
[0x00000153374aae50] Heap_lock - owner thread: 0x00000153374b0210

Heap address: 0x000000070a800000, size: 3928 MB, Compressed Oops mode: Zero based, Oop shift amount: 3

CDS archive(s) mapped at: [0x0000000000000000-0x0000000000000000-0x0000000000000000), size 0, SharedBaseAddress: 0x0000000800000000, ArchiveRelocationMode: 1.
Narrow klass base: 0x0000000000000000, Narrow klass shift: 0, Narrow klass range: 0x0

GC Precious Log:
<Empty>

Heap:
 garbage-first heap   total 0K, used 0K [0x000000070a800000, 0x0000000800000000)
  region size 2048K, 0 young (0K), 0 survivors (0K)
 Metaspace       used 0K, committed 0K, reserved 0K
  class space    used 0K, committed 0K, reserved 0K

Heap Regions: E=young(eden), S=young(survivor), O=old, HS=humongous(starts), HC=humongous(continues), CS=collection set, F=free, OA=open archive, CA=closed archive, TAMS=top-at-mark-start (previous, next)

Card table byte_map: [0x000001534cb60000,0x000001534d310000] _byte_map_base: 0x000001534930c000

Marking Bits (Prev, Next): (CMBitMap*) 0x000001533751b120, (CMBitMap*) 0x000001533751b160
 Prev Bits: [0x000001534dac0000, 0x0000015351820000)
 Next Bits: [0x0000015351820000, 0x0000015355580000)

GC Heap History (0 events):
No events

Dll operation events (1 events):
Event: 0.010 Loaded shared library C:\Program Files\JetBrains\IntelliJ IDEA 2023.2.5\jbr\bin\java.dll

Deoptimization events (0 events):
No events

Classes unloaded (0 events):
No events

Classes redefined (0 events):
No events

Internal exceptions (0 events):
No events

VM Operations (0 events):
No events

Events (0 events):
No events


Dynamic libraries:
0x00007ff748dd0000 - 0x00007ff748dda000 	C:\Program Files\JetBrains\IntelliJ IDEA 2023.2.5\jbr\bin\java.exe
0x00007ffef7050000 - 0x00007ffef7267000 	C:\WINDOWS\SYSTEM32\ntdll.dll
0x00007ffef5c60000 - 0x00007ffef5d24000 	C:\WINDOWS\System32\KERNEL32.DLL
0x00007ffef4370000 - 0x00007ffef4717000 	C:\WINDOWS\System32\KERNELBASE.dll
0x00007ffef4910000 - 0x00007ffef4a21000 	C:\WINDOWS\System32\ucrtbase.dll
0x00007ffee3bb0000 - 0x00007ffee3bc7000 	C:\Program Files\JetBrains\IntelliJ IDEA 2023.2.5\jbr\bin\jli.dll
0x00007ffef6960000 - 0x00007ffef6b0e000 	C:\WINDOWS\System32\USER32.dll
0x00007ffef4c20000 - 0x00007ffef4c46000 	C:\WINDOWS\System32\win32u.dll
0x00007ffee1d30000 - 0x00007ffee1d4b000 	C:\Program Files\JetBrains\IntelliJ IDEA 2023.2.5\jbr\bin\VCRUNTIME140.dll
0x00007ffef5e20000 - 0x00007ffef5e49000 	C:\WINDOWS\System32\GDI32.dll
0x00007ffef4720000 - 0x00007ffef4839000 	C:\WINDOWS\System32\gdi32full.dll
0x00007ffef4840000 - 0x00007ffef48da000 	C:\WINDOWS\System32\msvcp_win.dll
0x00007ffecbf00000 - 0x00007ffecc193000 	C:\WINDOWS\WinSxS\amd64_microsoft.windows.common-controls_6595b64144ccf1df_6.0.22621.3527_none_270e469b73872a76\COMCTL32.dll
0x00007ffef4e00000 - 0x00007ffef4ea7000 	C:\WINDOWS\System32\msvcrt.dll
0x00007ffef5de0000 - 0x00007ffef5e11000 	C:\WINDOWS\System32\IMM32.DLL
0x00007ffee3c60000 - 0x00007ffee3c6c000 	C:\Program Files\JetBrains\IntelliJ IDEA 2023.2.5\jbr\bin\vcruntime140_1.dll
0x00007ffed2030000 - 0x00007ffed20bd000 	C:\Program Files\JetBrains\IntelliJ IDEA 2023.2.5\jbr\bin\msvcp140.dll
0x00007ffe59db0000 - 0x00007ffe5aa33000 	C:\Program Files\JetBrains\IntelliJ IDEA 2023.2.5\jbr\bin\server\jvm.dll
0x00007ffef5480000 - 0x00007ffef5532000 	C:\WINDOWS\System32\ADVAPI32.dll
0x00007ffef5250000 - 0x00007ffef52f8000 	C:\WINDOWS\System32\sechost.dll
0x00007ffef48e0000 - 0x00007ffef4908000 	C:\WINDOWS\System32\bcrypt.dll
0x00007ffef56f0000 - 0x00007ffef5805000 	C:\WINDOWS\System32\RPCRT4.dll
0x00007ffeda730000 - 0x00007ffeda739000 	C:\WINDOWS\SYSTEM32\WSOCK32.dll
0x00007ffeee400000 - 0x00007ffeee434000 	C:\WINDOWS\SYSTEM32\WINMM.dll
0x00007ffef4d80000 - 0x00007ffef4df1000 	C:\WINDOWS\System32\WS2_32.dll
0x00007ffee88b0000 - 0x00007ffee88ba000 	C:\WINDOWS\SYSTEM32\VERSION.dll
0x00007ffef4080000 - 0x00007ffef40cd000 	C:\WINDOWS\SYSTEM32\POWRPROF.dll
0x00007ffef3fb0000 - 0x00007ffef3fc3000 	C:\WINDOWS\SYSTEM32\UMPDC.dll
0x00007ffef3350000 - 0x00007ffef3368000 	C:\WINDOWS\SYSTEM32\kernel.appcore.dll
0x00007ffeeae80000 - 0x00007ffeeae8a000 	C:\Program Files\JetBrains\IntelliJ IDEA 2023.2.5\jbr\bin\jimage.dll
0x00007ffef1d10000 - 0x00007ffef1f43000 	C:\WINDOWS\SYSTEM32\DBGHELP.DLL
0x00007ffef4eb0000 - 0x00007ffef5238000 	C:\WINDOWS\System32\combase.dll
0x00007ffef5b80000 - 0x00007ffef5c57000 	C:\WINDOWS\System32\OLEAUT32.dll
0x00007ffeeae00000 - 0x00007ffeeae32000 	C:\WINDOWS\SYSTEM32\dbgcore.DLL
0x00007ffef4ba0000 - 0x00007ffef4c19000 	C:\WINDOWS\System32\bcryptPrimitives.dll
0x00007ffee50b0000 - 0x00007ffee50d5000 	C:\Program Files\JetBrains\IntelliJ IDEA 2023.2.5\jbr\bin\java.dll

dbghelp: loaded successfully - version: 4.0.5 - missing functions: none
symbol engine: initialized successfully - sym options: 0x614 - pdb path: .;C:\Program Files\JetBrains\IntelliJ IDEA 2023.2.5\jbr\bin;C:\WINDOWS\SYSTEM32;C:\WINDOWS\WinSxS\amd64_microsoft.windows.common-controls_6595b64144ccf1df_6.0.22621.3527_none_270e469b73872a76;C:\Program Files\JetBrains\IntelliJ IDEA 2023.2.5\jbr\bin\server

VM Arguments:
java_command: git4idea.http.GitAskPassApp Username for 'https://github.com': 
java_class_path (initial): C:/Program Files/JetBrains/IntelliJ IDEA 2023.2.5/plugins/vcs-git/lib/git4idea-rt.jar;C:/Program Files/JetBrains/IntelliJ IDEA 2023.2.5/lib/externalProcess-rt.jar
Launcher Type: SUN_STANDARD

[Global flags]
     intx CICompilerCount                          = 12                                        {product} {ergonomic}
     uint ConcGCThreads                            = 3                                         {product} {ergonomic}
     uint G1ConcRefinementThreads                  = 13                                        {product} {ergonomic}
   size_t G1HeapRegionSize                         = 2097152                                   {product} {ergonomic}
    uintx GCDrainStackTargetSize                   = 64                                        {product} {ergonomic}
   size_t InitialHeapSize                          = 257949696                                 {product} {ergonomic}
   size_t MarkStackSize                            = 4194304                                   {product} {ergonomic}
   size_t MaxHeapSize                              = 4118806528                                {product} {ergonomic}
   size_t MinHeapDeltaBytes                        = 2097152                                   {product} {ergonomic}
   size_t MinHeapSize                              = 8388608                                   {product} {ergonomic}
    uintx NonNMethodCodeHeapSize                   = 7602480                                {pd product} {ergonomic}
    uintx NonProfiledCodeHeapSize                  = 122027880                              {pd product} {ergonomic}
    uintx ProfiledCodeHeapSize                     = 122027880                              {pd product} {ergonomic}
    uintx ReservedCodeCacheSize                    = 251658240                              {pd product} {ergonomic}
     bool SegmentedCodeCache                       = true                                      {product} {ergonomic}
   size_t SoftMaxHeapSize                          = 4118806528                             {manageable} {ergonomic}
     bool UseCompressedClassPointers               = true                           {product lp64_product} {ergonomic}
     bool UseCompressedOops                        = true                           {product lp64_product} {ergonomic}
     bool UseG1GC                                  = true                                      {product} {ergonomic}
     bool UseLargePagesIndividualAllocation        = false                                  {pd product} {ergonomic}

Logging:
Log output configuration:
 #0: stdout all=warning uptime,level,tags
 #1: stderr all=off uptime,level,tags

Environment Variables:
JAVA_HOME=C:\Program Files\Java\jdk-17
CLASSPATH=C:\Program Files\Java\jdk-17\lib
PATH=C:\Program Files\Git\mingw64\libexec\git-core;C:\Program Files\Git\mingw64\libexec\git-core;C:\Program Files\Git\mingw64\bin;C:\Program Files\Git\usr\bin;C:\Users\dheld\bin;C:\mingw64\bin;C:\Program Files\Common Files\Oracle\Java\javapath;C:\WINDOWS\system32;C:\WINDOWS;C:\WINDOWS\System32\Wbem;C:\WINDOWS\System32\WindowsPowerShell\v1.0;C:\WINDOWS\System32\OpenSSH;C:\Program Files\Microsoft SQL Server\150\Tools\Binn;C:\Program Files\Microsoft SQL Server\Client SDK\ODBC\170\Tools\Binn;C:\Program Files\dotnet;C:\Program Files\Git\cmd;C:\Program Files\MySQL\MySQL Server 8.0\bin;C:\Program Files\MySQL\MySQL Shell 8.0\bin;C:\Users\dheld\AppData\Local\Microsoft\WindowsApps;C:\Users\dheld\.dotnet\tools;C:\Users\dheld\AppData\Local\Programs\Microsoft VS Code\bin;C:\Users\dheld\Desktop\folder\programming\projects\spring\hello-spring\timeBeanJniTest\src\main\java
USERNAME=dheld
DISPLAY=:0.0
LC_ALL=en_US.UTF-8
TERM=xterm-256color
TMPDIR=C:\Users\dheld\AppData\Local\Temp
OS=Windows_NT
PROCESSOR_IDENTIFIER=AMD64 Family 23 Model 104 Stepping 1, AuthenticAMD
TMP=C:\Users\dheld\AppData\Local\Temp
TEMP=C:\Users\dheld\AppData\Local\Temp



Periodic native trim disabled

JNI global refs:
JNI global refs: 0, weak refs: 0

JNI global refs memory usage: 0, weak refs: 0

OOME stack traces (most recent first):
Classloader memory used:


---------------  S Y S T E M  ---------------

OS:
 Windows 11 , 64 bit Build 22621 (10.0.22621.3527)
OS uptime: 0 days 8:07 hours
Hyper-V role detected

CPU: total 16 (initial active 16) (16 cores per cpu, 2 threads per core) family 23 model 104 stepping 1 microcode 0x0, cx8, cmov, fxsr, ht, mmx, 3dnowpref, sse, sse2, sse3, ssse3, sse4a, sse4.1, sse4.2, popcnt, lzcnt, tsc, tscinvbit, avx, avx2, aes, clmul, bmi1, bmi2, adx, sha, fma, vzeroupper, clflush, clflushopt, hv
Processor Information for all 16 processors :
  Max Mhz: 1801, Current Mhz: 1801, Mhz Limit: 1801

Memory: 4k page, system-wide physical 15706M (5565M free)
TotalPageFile size 46050M (AvailPageFile size 80M)
current process WorkingSet (physical memory assigned to process): 11M, peak: 11M
current process commit charge ("private bytes"): 70M, peak: 316M

vm_info: OpenJDK 64-Bit Server VM (17.0.9+7-b1000.46) for windows-amd64 JRE (17.0.9+7-b1000.46), built on 2023-10-27 by "builduser" with MS VC++ 16.10 / 16.11 (VS2019)

END.
